# JRE version: OpenJDK Runtime Environment (11.0.12+7) (build 11.0.12+7-b1504.28-7817840)
# Java VM: OpenJDK 64-Bit Server VM (11.0.12+7-b1504.28-7817840, mixed mode, tiered, compressed oops, g1 gc, windows-amd64)
Heap:
 garbage-first heap   total 218112K, used 121516K [0x0000000080000000, 0x0000000100000000)
  region size 1024K, 13 young (13312K), 8 survivors (8192K)
 Metaspace       used 95712K, capacity 97831K, committed 98076K, reserved 1134592K
  class space    used 12078K, capacity 12832K, committed 12928K, reserved 1048576K
GC Heap History (20 events):
Event: 405.735 GC heap before
{Heap before GC invocations=60 (full 0):
 garbage-first heap   total 150528K, used 105602K [0x0000000080000000, 0x0000000100000000)
  region size 1024K, 30 young (30720K), 6 survivors (6144K)
 Metaspace       used 66137K, capacity 67723K, committed 67868K, reserved 1107968K
  class space    used 8246K, capacity 8807K, committed 8832K, reserved 1048576K
}
Event: 405.800 GC heap after
{Heap after GC invocations=61 (full 0):
 garbage-first heap   total 150528K, used 83354K [0x0000000080000000, 0x0000000100000000)
  region size 1024K, 3 young (3072K), 3 survivors (3072K)
 Metaspace       used 66137K, capacity 67723K, committed 67868K, reserved 1107968K
  class space    used 8246K, capacity 8807K, committed 8832K, reserved 1048576K
}
Event: 409.472 GC heap before
{Heap before GC invocations=61 (full 0):
 garbage-first heap   total 150528K, used 107930K [0x0000000080000000, 0x0000000100000000)
  region size 1024K, 28 young (28672K), 3 survivors (3072K)
 Metaspace       used 69219K, capacity 70885K, committed 71196K, reserved 1112064K
  class space    used 8635K, capacity 9219K, committed 9344K, reserved 1048576K
}
Event: 409.509 GC heap after
{Heap after GC invocations=62 (full 0):
 garbage-first heap   total 150528K, used 84031K [0x0000000080000000, 0x0000000100000000)
  region size 1024K, 1 young (1024K), 1 survivors (1024K)
 Metaspace       used 69219K, capacity 70885K, committed 71196K, reserved 1112064K
  class space    used 8635K, capacity 9219K, committed 9344K, reserved 1048576K
}
Event: 414.858 GC heap before
{Heap before GC invocations=63 (full 0):
 garbage-first heap   total 150528K, used 111679K [0x0000000080000000, 0x0000000100000000)
  region size 1024K, 28 young (28672K), 1 survivors (1024K)
 Metaspace       used 73421K, capacity 75241K, committed 75548K, reserved 1116160K
  class space    used 9111K, capacity 9754K, committed 9856K, reserved 1048576K
}
Event: 414.931 GC heap after
{Heap after GC invocations=64 (full 0):
 garbage-first heap   total 181248K, used 84739K [0x0000000080000000, 0x0000000100000000)
  region size 1024K, 2 young (2048K), 2 survivors (2048K)
 Metaspace       used 73421K, capacity 75241K, committed 75548K, reserved 1116160K
  class space    used 9111K, capacity 9754K, committed 9856K, reserved 1048576K
}
Event: 421.647 GC heap before
{Heap before GC invocations=64 (full 0):
 garbage-first heap   total 181248K, used 125699K [0x0000000080000000, 0x0000000100000000)
  region size 1024K, 43 young (44032K), 2 survivors (2048K)
 Metaspace       used 77659K, capacity 79535K, committed 79644K, reserved 1118208K
  class space    used 9636K, capacity 10307K, committed 10368K, reserved 1048576K
}
Event: 421.729 GC heap after
{Heap after GC invocations=65 (full 0):
 garbage-first heap   total 181248K, used 87920K [0x0000000080000000, 0x0000000100000000)
  region size 1024K, 5 young (5120K), 5 survivors (5120K)
 Metaspace       used 77659K, capacity 79535K, committed 79644K, reserved 1118208K
  class space    used 9636K, capacity 10307K, committed 10368K, reserved 1048576K
}
Event: 426.305 GC heap before
{Heap before GC invocations=66 (full 0):
 garbage-first heap   total 181248K, used 121712K [0x0000000080000000, 0x0000000100000000)
  region size 1024K, 39 young (39936K), 5 survivors (5120K)
 Metaspace       used 80770K, capacity 82603K, committed 82844K, reserved 1122304K
  class space    used 10031K, capacity 10705K, committed 10752K, reserved 1048576K
}
Event: 426.382 GC heap after
{Heap after GC invocations=67 (full 0):
 garbage-first heap   total 181248K, used 90725K [0x0000000080000000, 0x0000000100000000)
  region size 1024K, 3 young (3072K), 3 survivors (3072K)
 Metaspace       used 80770K, capacity 82603K, committed 82844K, reserved 1122304K
  class space    used 10031K, capacity 10705K, committed 10752K, reserved 1048576K
}
Event: 435.054 GC heap before
{Heap before GC invocations=68 (full 0):
 garbage-first heap   total 181248K, used 134757K [0x0000000080000000, 0x0000000100000000)
  region size 1024K, 45 young (46080K), 3 survivors (3072K)
 Metaspace       used 84069K, capacity 86007K, committed 86044K, reserved 1124352K
  class space    used 10430K, capacity 11130K, committed 11136K, reserved 1048576K
}
Event: 435.190 GC heap after
{Heap after GC invocations=69 (full 0):
 garbage-first heap   total 181248K, used 92270K [0x0000000080000000, 0x0000000100000000)
  region size 1024K, 5 young (5120K), 5 survivors (5120K)
 Metaspace       used 84069K, capacity 86007K, committed 86044K, reserved 1124352K
  class space    used 10430K, capacity 11130K, committed 11136K, reserved 1048576K
}
Event: 437.512 GC heap before
{Heap before GC invocations=69 (full 0):
 garbage-first heap   total 181248K, used 136302K [0x0000000080000000, 0x0000000100000000)
  region size 1024K, 48 young (49152K), 5 survivors (5120K)
 Metaspace       used 84501K, capacity 86545K, committed 86684K, reserved 1124352K
  class space    used 10478K, capacity 11202K, committed 11264K, reserved 1048576K
}
Event: 437.733 GC heap after
{Heap after GC invocations=70 (full 0):
 garbage-first heap   total 218112K, used 95513K [0x0000000080000000, 0x0000000100000000)
  region size 1024K, 6 young (6144K), 6 survivors (6144K)
 Metaspace       used 84501K, capacity 86545K, committed 86684K, reserved 1124352K
  class space    used 10478K, capacity 11202K, committed 11264K, reserved 1048576K
}
Event: 445.369 GC heap before
{Heap before GC invocations=71 (full 0):
 garbage-first heap   total 218112K, used 136473K [0x0000000080000000, 0x0000000100000000)
  region size 1024K, 46 young (47104K), 6 survivors (6144K)
 Metaspace       used 89330K, capacity 91385K, committed 91548K, reserved 1128448K
  class space    used 11271K, capacity 12022K, committed 12032K, reserved 1048576K
}
Event: 445.486 GC heap after
{Heap after GC invocations=72 (full 0):
 garbage-first heap   total 218112K, used 98426K [0x0000000080000000, 0x0000000100000000)
  region size 1024K, 3 young (3072K), 3 survivors (3072K)
 Metaspace       used 89330K, capacity 91385K, committed 91548K, reserved 1128448K
  class space    used 11271K, capacity 12022K, committed 12032K, reserved 1048576K
}
Event: 452.701 GC heap before
{Heap before GC invocations=72 (full 0):
 garbage-first heap   total 218112K, used 138362K [0x0000000080000000, 0x0000000100000000)
  region size 1024K, 41 young (41984K), 3 survivors (3072K)
 Metaspace       used 92777K, capacity 94866K, committed 95132K, reserved 1132544K
  class space    used 11751K, capacity 12518K, committed 12544K, reserved 1048576K
}
Event: 452.765 GC heap after
{Heap after GC invocations=73 (full 0):
 garbage-first heap   total 218112K, used 102121K [0x0000000080000000, 0x0000000100000000)
  region size 1024K, 5 young (5120K), 5 survivors (5120K)
 Metaspace       used 92777K, capacity 94866K, committed 95132K, reserved 1132544K
  class space    used 11751K, capacity 12518K, committed 12544K, reserved 1048576K
}
Event: 472.145 GC heap before
{Heap before GC invocations=74 (full 0):
 garbage-first heap   total 218112K, used 163561K [0x0000000080000000, 0x0000000100000000)
  region size 1024K, 58 young (59392K), 5 survivors (5120K)
 Metaspace       used 95682K, capacity 97767K, committed 98076K, reserved 1134592K
  class space    used 12078K, capacity 12832K, committed 12928K, reserved 1048576K
}
Event: 472.249 GC heap after
{Heap after GC invocations=75 (full 0):
 garbage-first heap   total 218112K, used 117420K [0x0000000080000000, 0x0000000100000000)
  region size 1024K, 8 young (8192K), 8 survivors (8192K)
 Metaspace       used 95682K, capacity 97767K, committed 98076K, reserved 1134592K
  class space    used 12078K, capacity 12832K, committed 12928K, reserved 1048576K
}

